# JRE version: Java(TM) SE Runtime Environment (23.0.1+11) (build 23.0.1+11-39)
# Java VM: Java HotSpot(TM) 64-Bit Server VM (23.0.1+11-39, mixed mode, sharing, tiered, compressed oops, compressed class ptrs, g1 gc, windows-amd64)
GC Precious Log:
 CardTable entry size: 512
 Card Set container configuration: InlinePtr #cards 5 size 8 Array Of Cards #cards 10 size 36 Howl #buckets 4 coarsen threshold 1843 Howl Bitmap #cards 512 size 80 coarsen threshold 460 Card regions per heap region 1 cards per card region 2048
 CPUs: 4 total, 4 available
 Memory: 6030M
 Large Page Support: Disabled
 NUMA Support: Disabled
 Compressed Oops: Enabled (32-bit)
 Heap Region Size: 1M
 Heap Min Capacity: 8M
 Heap Initial Capacity: 96M
 Heap Max Capacity: 1508M
 Pre-touch: Disabled
 Parallel Workers: 4
 Concurrent Workers: 1
 Concurrent Refinement Workers: 4
 Periodic GC: Disabled
Heap:
 garbage-first heap   total reserved 1544192K, committed 55296K, used 36553K [0x00000000a1c00000, 0x0000000100000000)
  region size 1024K, 23 young (23552K), 4 survivors (4096K)
 Metaspace       used 24514K, committed 24960K, reserved 1114112K
  class space    used 2958K, committed 3136K, reserved 1048576K
GC Heap History (14 events):
Event: 0.674 GC heap before
{Heap before GC invocations=0 (full 0):
 garbage-first heap   total reserved 1544192K, committed 98304K, used 13312K [0x00000000a1c00000, 0x0000000100000000)
  region size 1024K, 14 young (14336K), 0 survivors (0K)
 Metaspace       used 1822K, committed 1984K, reserved 1114112K
  class space    used 179K, committed 256K, reserved 1048576K
}
Event: 0.681 GC heap after
{Heap after GC invocations=1 (full 0):
 garbage-first heap   total reserved 1544192K, committed 98304K, used 9142K [0x00000000a1c00000, 0x0000000100000000)
  region size 1024K, 2 young (2048K), 2 survivors (2048K)
 Metaspace       used 1822K, committed 1984K, reserved 1114112K
  class space    used 179K, committed 256K, reserved 1048576K
}
Event: 1.226 GC heap before
{Heap before GC invocations=1 (full 0):
 garbage-first heap   total reserved 1544192K, committed 98304K, used 18358K [0x00000000a1c00000, 0x0000000100000000)
  region size 1024K, 12 young (12288K), 2 survivors (2048K)
 Metaspace       used 6385K, committed 6592K, reserved 1114112K
  class space    used 678K, committed 768K, reserved 1048576K
}
Event: 1.229 GC heap after
{Heap after GC invocations=2 (full 0):
 garbage-first heap   total reserved 1544192K, committed 98304K, used 10094K [0x00000000a1c00000, 0x0000000100000000)
  region size 1024K, 1 young (1024K), 1 survivors (1024K)
 Metaspace       used 6385K, committed 6592K, reserved 1114112K
  class space    used 678K, committed 768K, reserved 1048576K
}
Event: 1.964 GC heap before
{Heap before GC invocations=2 (full 0):
 garbage-first heap   total reserved 1544192K, committed 98304K, used 40814K [0x00000000a1c00000, 0x0000000100000000)
  region size 1024K, 32 young (32768K), 1 survivors (1024K)
 Metaspace       used 11414K, committed 11712K, reserved 1114112K
  class space    used 1301K, committed 1408K, reserved 1048576K
}
Event: 1.969 GC heap after
{Heap after GC invocations=3 (full 0):
 garbage-first heap   total reserved 1544192K, committed 98304K, used 12259K [0x00000000a1c00000, 0x0000000100000000)
  region size 1024K, 4 young (4096K), 4 survivors (4096K)
 Metaspace       used 11414K, committed 11712K, reserved 1114112K
  class space    used 1301K, committed 1408K, reserved 1048576K
}
Event: 4.933 GC heap before
{Heap before GC invocations=3 (full 0):
 garbage-first heap   total reserved 1544192K, committed 98304K, used 50147K [0x00000000a1c00000, 0x0000000100000000)
  region size 1024K, 41 young (41984K), 4 survivors (4096K)
 Metaspace       used 20783K, committed 21248K, reserved 1114112K
  class space    used 2538K, committed 2752K, reserved 1048576K
}
Event: 4.944 GC heap after
{Heap after GC invocations=4 (full 0):
 garbage-first heap   total reserved 1544192K, committed 98304K, used 15347K [0x00000000a1c00000, 0x0000000100000000)
  region size 1024K, 6 young (6144K), 6 survivors (6144K)
 Metaspace       used 20783K, committed 21248K, reserved 1114112K
  class space    used 2538K, committed 2752K, reserved 1048576K
}
Event: 10.243 GC heap before
{Heap before GC invocations=4 (full 0):
 garbage-first heap   total reserved 1544192K, committed 98304K, used 17395K [0x00000000a1c00000, 0x0000000100000000)
  region size 1024K, 9 young (9216K), 6 survivors (6144K)
 Metaspace       used 21107K, committed 21504K, reserved 1114112K
  class space    used 2579K, committed 2752K, reserved 1048576K
}
Event: 10.251 GC heap after
{Heap after GC invocations=5 (full 0):
 garbage-first heap   total reserved 1544192K, committed 98304K, used 15734K [0x00000000a1c00000, 0x0000000100000000)
  region size 1024K, 4 young (4096K), 4 survivors (4096K)
 Metaspace       used 21107K, committed 21504K, reserved 1114112K
  class space    used 2579K, committed 2752K, reserved 1048576K
}
Event: 153.836 GC heap before
{Heap before GC invocations=6 (full 0):
 garbage-first heap   total reserved 1544192K, committed 55296K, used 44406K [0x00000000a1c00000, 0x0000000100000000)
  region size 1024K, 32 young (32768K), 4 survivors (4096K)
 Metaspace       used 21879K, committed 22272K, reserved 1114112K
  class space    used 2594K, committed 2752K, reserved 1048576K
}
Event: 153.866 GC heap after
{Heap after GC invocations=7 (full 0):
 garbage-first heap   total reserved 1544192K, committed 55296K, used 18052K [0x00000000a1c00000, 0x0000000100000000)
  region size 1024K, 3 young (3072K), 3 survivors (3072K)
 Metaspace       used 21879K, committed 22272K, reserved 1114112K
  class space    used 2594K, committed 2752K, reserved 1048576K
}
Event: 171.348 GC heap before
{Heap before GC invocations=7 (full 0):
 garbage-first heap   total reserved 1544192K, committed 55296K, used 39556K [0x00000000a1c00000, 0x0000000100000000)
  region size 1024K, 25 young (25600K), 3 survivors (3072K)
 Metaspace       used 24093K, committed 24576K, reserved 1114112K
  class space    used 2930K, committed 3136K, reserved 1048576K
}
Event: 171.363 GC heap after
{Heap after GC invocations=8 (full 0):
 garbage-first heap   total reserved 1544192K, committed 55296K, used 19145K [0x00000000a1c00000, 0x0000000100000000)
  region size 1024K, 4 young (4096K), 4 survivors (4096K)
 Metaspace       used 24093K, committed 24576K, reserved 1114112K
  class space    used 2930K, committed 3136K, reserved 1048576K
}

