<?xml version="1.0" encoding="UTF-8"?>
<testng-results ignored="0" total="1" passed="1" failed="0" skipped="0">
  <reporter-output>
  </reporter-output>
  <suite started-at="2025-04-25T11:07:13 IST" name="Default suite" finished-at="2025-04-25T11:07:32 IST" duration-ms="18973">
    <groups>
    </groups>
    <test started-at="2025-04-25T11:07:13 IST" name="Default test" finished-at="2025-04-25T11:07:32 IST" duration-ms="18973">
      <class name="com.airtech.qa.testcases.AddressPageTest">
        <test-method is-config="true" signature="setup()[pri:0, instance:com.airtech.qa.testcases.AddressPageTest@456d6c1e]" started-at="2025-04-25T11:07:13 IST" name="setup" finished-at="2025-04-25T11:07:28 IST" duration-ms="14533" status="PASS">
          <reporter-output>
          </reporter-output>
        </test-method> <!-- setup -->
        <test-method signature="NewAddbtnClick()[pri:5, instance:com.airtech.qa.testcases.AddressPageTest@456d6c1e]" started-at="2025-04-25T11:07:28 IST" name="NewAddbtnClick" finished-at="2025-04-25T11:07:31 IST" duration-ms="3316" status="PASS">
          <reporter-output>
          </reporter-output>
        </test-method> <!-- NewAddbtnClick -->
        <test-method is-config="true" signature="teardown()[pri:0, instance:com.airtech.qa.testcases.AddressPageTest@456d6c1e]" started-at="2025-04-25T11:07:31 IST" name="teardown" finished-at="2025-04-25T11:07:32 IST" duration-ms="781" status="PASS">
          <reporter-output>
          </reporter-output>
        </test-method> <!-- teardown -->
      </class> <!-- com.airtech.qa.testcases.AddressPageTest -->
    </test> <!-- Default test -->
  </suite> <!-- Default suite -->
</testng-results>
